<?xml version="1.0" encoding="UTF-8"?>
<!-- Generated by org.testng.reporters.JUnitReportReporter -->
<testsuite hostname="DESKTOP-ADSAJKA" failures="0" tests="4" name="package1.APITest" time="7.784" errors="0" timestamp="2024-11-24T22:11:31 PKT" skipped="0">
  <testcase classname="package1.APITest" name="testGetUser" time="0.459"/>
  <system-out/>
  <testcase classname="package1.APITest" name="testDeleteUser" time="0.839"/>
  <system-out/>
  <testcase classname="package1.APITest" name="testUpdateUser" time="0.791"/>
  <system-out/>
  <testcase classname="package1.APITest" name="testCreateUser" time="5.695"/>
  <system-out/>
</testsuite> <!-- package1.APITest -->
