<?xml version="1.0" encoding="UTF-8"?>
<!-- Generated by org.testng.reporters.JUnitReportReporter -->
<testsuite hostname="DESKTOP-ADSAJKA" failures="0" tests="4" name="package1.APITest" time="6.903" errors="0" timestamp="2024-11-24T21:39:28 PKT" skipped="0">
  <testcase classname="package1.APITest" name="testDeleteUser" time="0.815"/>
  <system-out/>
  <testcase classname="package1.APITest" name="testCreateUser" time="4.592"/>
  <system-out/>
  <testcase classname="package1.APITest" name="testGetUser" time="0.463"/>
  <system-out/>
  <testcase classname="package1.APITest" name="testUpdateUser" time="1.033"/>
  <system-out/>
</testsuite> <!-- package1.APITest -->
